<?xml version="1.0" encoding="UTF-8" standalone="yes"?><!DOCTYPE report PUBLIC "-//JACOCO//DTD Report 1.1//EN" "report.dtd"><report name="common"><sessioninfo id="code-journal-box-4d10e8da" start="1655142822792" dump="1655142823505"/><package name="io/sampadadubey/java/common"><class name="io/sampadadubey/java/common/NumberConstants" sourcefilename="NumberConstants.java"/><class name="io/sampadadubey/java/common/StringConstants" sourcefilename="StringConstants.java"/><sourcefile name="NumberConstants.java"/><sourcefile name="StringConstants.java"/></package></report>